<?xml version="1.0" encoding="UTF-8"?>
<!-- Generated by org.testng.reporters.JUnitReportReporter -->
<testsuite skipped="0" hostname="DESKTOP-AE9375D" name="suite.NewTest" tests="3" failures="0" timestamp="2019-10-30T16:57:54 IST" time="49.693" errors="0">
  <testcase name="f" time="22.831" classname="suite.NewTest"/>
  <testcase name="f" time="7.997" classname="suite.NewTest"/>
  <testcase name="f" time="18.865" classname="suite.NewTest"/>
</testsuite> <!-- suite.NewTest -->
